0 info it worked if it ends with ok
1 verbose cli [ '/usr/local/bin/node',
1 verbose cli   '/usr/local/bin/npm',
1 verbose cli   'install',
1 verbose cli   'module-js',
1 verbose cli   '-global' ]
2 info using npm@2.15.1
3 info using node@v4.4.4
4 verbose install initial load of /usr/local/lib/package.json
5 verbose readDependencies loading dependencies from /usr/local/lib/package.json
6 silly cache add args [ 'module-js', null ]
7 verbose cache add spec module-js
8 silly cache add parsed spec Result {
8 silly cache add   raw: 'module-js',
8 silly cache add   scope: null,
8 silly cache add   name: 'module-js',
8 silly cache add   rawSpec: '',
8 silly cache add   spec: 'latest',
8 silly cache add   type: 'tag' }
9 silly addNamed module-js@latest
10 verbose addNamed "latest" is being treated as a dist-tag for module-js
11 info addNameTag [ 'module-js', 'latest' ]
12 silly mapToRegistry name module-js
13 silly mapToRegistry using default registry
14 silly mapToRegistry registry https://registry.npmjs.org/
15 silly mapToRegistry data Result {
15 silly mapToRegistry   raw: 'module-js',
15 silly mapToRegistry   scope: null,
15 silly mapToRegistry   name: 'module-js',
15 silly mapToRegistry   rawSpec: '',
15 silly mapToRegistry   spec: 'latest',
15 silly mapToRegistry   type: 'tag' }
16 silly mapToRegistry uri https://registry.npmjs.org/module-js
17 verbose addNameTag registry:https://registry.npmjs.org/module-js not in flight; fetching
18 verbose request uri https://registry.npmjs.org/module-js
19 verbose request no auth needed
20 info attempt registry request try #1 at 11:10:08
21 verbose request id 806562d296210def
22 verbose etag W/"5832aeb2-13f23"
23 verbose lastModified Mon, 21 Nov 2016 08:22:10 GMT
24 http request GET https://registry.npmjs.org/module-js
25 http 304 https://registry.npmjs.org/module-js
26 verbose headers { date: 'Fri, 24 Feb 2017 03:10:08 GMT',
26 verbose headers   via: '1.1 varnish',
26 verbose headers   'cache-control': 'max-age=300',
26 verbose headers   etag: 'W/"5832aeb2-13f23"',
26 verbose headers   age: '71',
26 verbose headers   connection: 'keep-alive',
26 verbose headers   'x-served-by': 'cache-itm7420-ITM',
26 verbose headers   'x-cache': 'HIT',
26 verbose headers   'x-cache-hits': '1',
26 verbose headers   'x-timer': 'S1487905808.536099,VS0,VE0',
26 verbose headers   vary: 'Accept-Encoding' }
27 silly get cb [ 304,
27 silly get   { date: 'Fri, 24 Feb 2017 03:10:08 GMT',
27 silly get     via: '1.1 varnish',
27 silly get     'cache-control': 'max-age=300',
27 silly get     etag: 'W/"5832aeb2-13f23"',
27 silly get     age: '71',
27 silly get     connection: 'keep-alive',
27 silly get     'x-served-by': 'cache-itm7420-ITM',
27 silly get     'x-cache': 'HIT',
27 silly get     'x-cache-hits': '1',
27 silly get     'x-timer': 'S1487905808.536099,VS0,VE0',
27 silly get     vary: 'Accept-Encoding' } ]
28 verbose etag https://registry.npmjs.org/module-js from cache
29 verbose get saving module-js to /Users/daijinming/.npm/registry.npmjs.org/module-js/.cache.json
30 verbose correctMkdir /Users/daijinming/.npm correctMkdir not in flight; initializing
31 silly addNameTag next cb for module-js with tag latest
32 silly addNamed module-js@5.15.0
33 verbose addNamed "5.15.0" is a plain semver version for module-js
34 silly cache afterAdd module-js@5.15.0
35 verbose afterAdd /Users/daijinming/.npm/module-js/5.15.0/package/package.json not in flight; writing
36 verbose correctMkdir /Users/daijinming/.npm correctMkdir not in flight; initializing
37 verbose afterAdd /Users/daijinming/.npm/module-js/5.15.0/package/package.json written
38 silly install resolved [ { name: 'module-js',
38 silly install resolved     version: '5.15.0',
38 silly install resolved     description: 'An extendable class for Web Elements, modules and components',
38 silly install resolved     repository:
38 silly install resolved      { type: 'git',
38 silly install resolved        url: 'git+https://github.com/mkay581/module-js.git' },
38 silly install resolved     engines: { node: '>=7.0.0' },
38 silly install resolved     license: 'MIT',
38 silly install resolved     publishConfig: { registry: 'https://registry.npmjs.org/' },
38 silly install resolved     keywords:
38 silly install resolved      [ 'module',
38 silly install resolved        'es6',
38 silly install resolved        'modules',
38 silly install resolved        'components',
38 silly install resolved        'component',
38 silly install resolved        'handlebars',
38 silly install resolved        'handlebar template',
38 silly install resolved        'hbs',
38 silly install resolved        'show',
38 silly install resolved        'hide',
38 silly install resolved        'module element',
38 silly install resolved        'web component',
38 silly install resolved        'web components',
38 silly install resolved        'modulejs',
38 silly install resolved        'module js',
38 silly install resolved        'jsmodule',
38 silly install resolved        'js module' ],
38 silly install resolved     author: { name: 'Mark Kennedy', url: 'http://heyimmark.com' },
38 silly install resolved     main: './src/module.js',
38 silly install resolved     scripts: { test: 'bt test' },
38 silly install resolved     browserify: { transform: [Object] },
38 silly install resolved     dependencies:
38 silly install resolved      { 'babel-preset-es2015': '^6.18.0',
38 silly install resolved        babelify: '^7.3.0',
38 silly install resolved        'es6-promise': '^4.0.5',
38 silly install resolved        handlebars: '^4.0.6',
38 silly install resolved        'resource-manager-js': '^2.6.1' },
38 silly install resolved     devDependencies: { 'build-tools': '^6.0.4', sinon: '^1.17.6' },
38 silly install resolved     gitHead: '0685a0e5a19dbe70891cdf693f010cbc7ee35a74',
38 silly install resolved     bugs: { url: 'https://github.com/mkay581/module-js/issues' },
38 silly install resolved     homepage: 'https://github.com/mkay581/module-js#readme',
38 silly install resolved     _id: 'module-js@5.15.0',
38 silly install resolved     _shasum: '0764a0a52c510efc1be33fa6e908dc37d477c2c3',
38 silly install resolved     _from: 'module-js@latest',
38 silly install resolved     _npmVersion: '3.10.8',
38 silly install resolved     _nodeVersion: '7.0.0',
38 silly install resolved     _npmUser: { name: 'mkay581', email: 'mark@heyimmark.com' },
38 silly install resolved     dist:
38 silly install resolved      { shasum: '0764a0a52c510efc1be33fa6e908dc37d477c2c3',
38 silly install resolved        tarball: 'https://registry.npmjs.org/module-js/-/module-js-5.15.0.tgz' },
38 silly install resolved     maintainers: [ [Object] ],
38 silly install resolved     _npmOperationalInternal:
38 silly install resolved      { host: 'packages-12-west.internal.npmjs.com',
38 silly install resolved        tmp: 'tmp/module-js-5.15.0.tgz_1479716528360_0.32197801722213626' },
38 silly install resolved     directories: {},
38 silly install resolved     _resolved: 'https://registry.npmjs.org/module-js/-/module-js-5.15.0.tgz',
38 silly install resolved     readme: 'ERROR: No README data found!' } ]
39 info install module-js@5.15.0 into /usr/local/lib
40 info installOne module-js@5.15.0
41 verbose installOne of module-js to /usr/local/lib not in flight; installing
42 verbose correctMkdir /Users/daijinming/.npm/_locks correctMkdir not in flight; initializing
43 verbose lock using /Users/daijinming/.npm/_locks/module-js-6d9b48013f0d3fa6.lock for /usr/local/lib/node_modules/module-js
44 warn engine module-js@5.15.0: wanted: {"node":">=7.0.0"} (current: {"node":"4.4.4","npm":"2.15.1"})
45 silly install write writing module-js 5.15.0 to /usr/local/lib/node_modules/module-js
46 verbose unbuild lib/node_modules/module-js
47 silly gentlyRm /usr/local/lib/node_modules/module-js is being purged from base /usr/local
48 verbose gentlyRm don't care about contents; nuking /usr/local/lib/node_modules/module-js
49 verbose tar unpack /Users/daijinming/.npm/module-js/5.15.0/package.tgz
50 verbose tar unpacking to /usr/local/lib/node_modules/module-js
51 silly gentlyRm /usr/local/lib/node_modules/module-js is being purged
52 verbose gentlyRm don't care about contents; nuking /usr/local/lib/node_modules/module-js
53 silly gunzTarPerm modes [ '755', '644' ]
54 error tar.unpack untar error /Users/daijinming/.npm/module-js/5.15.0/package.tgz
55 verbose unlock done using /Users/daijinming/.npm/_locks/module-js-6d9b48013f0d3fa6.lock for /usr/local/lib/node_modules/module-js
56 verbose fstream_path /usr/local/lib/node_modules/module-js
57 verbose fstream_type Directory
58 verbose fstream_class DirWriter
59 verbose stack Error: EACCES: permission denied, mkdir '/usr/local/lib/node_modules/module-js'
59 verbose stack     at Error (native)
60 verbose fstream_stack /usr/local/lib/node_modules/npm/node_modules/fstream/lib/dir-writer.js:35:25
60 verbose fstream_stack /usr/local/lib/node_modules/npm/node_modules/mkdirp/index.js:47:53
60 verbose fstream_stack FSReqWrap.oncomplete (fs.js:82:15)
61 verbose cwd /Users/daijinming/Documents/Workspace/Sobot/ChatTest
62 error Darwin 16.1.0
63 error argv "/usr/local/bin/node" "/usr/local/bin/npm" "install" "module-js" "-global"
64 error node v4.4.4
65 error npm  v2.15.1
66 error path /usr/local/lib/node_modules/module-js
67 error code EACCES
68 error errno -13
69 error syscall mkdir
70 error Error: EACCES: permission denied, mkdir '/usr/local/lib/node_modules/module-js'
70 error     at Error (native)
70 error  { [Error: EACCES: permission denied, mkdir '/usr/local/lib/node_modules/module-js']
70 error   errno: -13,
70 error   code: 'EACCES',
70 error   syscall: 'mkdir',
70 error   path: '/usr/local/lib/node_modules/module-js',
70 error   fstream_type: 'Directory',
70 error   fstream_path: '/usr/local/lib/node_modules/module-js',
70 error   fstream_class: 'DirWriter',
70 error   fstream_stack:
70 error    [ '/usr/local/lib/node_modules/npm/node_modules/fstream/lib/dir-writer.js:35:25',
70 error      '/usr/local/lib/node_modules/npm/node_modules/mkdirp/index.js:47:53',
70 error      'FSReqWrap.oncomplete (fs.js:82:15)' ] }
71 error Please try running this command again as root/Administrator.
72 verbose exit [ -13, true ]
73 verbose unbuild lib/node_modules/module-js
74 silly gentlyRm /usr/local/lib/node_modules/module-js is being purged from base /usr/local
75 verbose gentlyRm don't care about contents; nuking /usr/local/lib/node_modules/module-js
